<?xml version="1.0" encoding="UTF-8" ?>
<testsuite tests="19" failures="4" name="ch.heigvd.amt.gestioncours.spec.SpecificationTest" time="0.072" errors="0" skipped="5">
  <properties>
    <property name="java.runtime.name" value="Java(TM) SE Runtime Environment"/>
    <property name="sun.boot.library.path" value="/Library/Java/JavaVirtualMachines/jdk1.8.0_144.jdk/Contents/Home/jre/lib"/>
    <property name="java.vm.version" value="25.144-b01"/>
    <property name="gopherProxySet" value="false"/>
    <property name="java.vm.vendor" value="Oracle Corporation"/>
    <property name="maven.multiModuleProjectDirectory" value="/Users/youndzofrancine/Desktop/Gestion2/Teaching-HEIGVD-AMT-2019-Project-Two/gestioncours/gestionCours-specs"/>
    <property name="java.vendor.url" value="http://java.oracle.com/"/>
    <property name="path.separator" value=":"/>
    <property name="guice.disable.misplaced.annotation.check" value="true"/>
    <property name="java.vm.name" value="Java HotSpot(TM) 64-Bit Server VM"/>
    <property name="file.encoding.pkg" value="sun.io"/>
    <property name="user.country" value="CH"/>
    <property name="sun.java.launcher" value="SUN_STANDARD"/>
    <property name="sun.os.patch.level" value="unknown"/>
    <property name="java.vm.specification.name" value="Java Virtual Machine Specification"/>
    <property name="user.dir" value="/Users/youndzofrancine/Desktop/Gestion2/Teaching-HEIGVD-AMT-2019-Project-Two/gestioncours/gestionCours-specs"/>
    <property name="java.runtime.version" value="1.8.0_144-b01"/>
    <property name="java.awt.graphicsenv" value="sun.awt.CGraphicsEnvironment"/>
    <property name="java.endorsed.dirs" value="/Library/Java/JavaVirtualMachines/jdk1.8.0_144.jdk/Contents/Home/jre/lib/endorsed"/>
    <property name="os.arch" value="x86_64"/>
    <property name="java.io.tmpdir" value="/var/folders/jg/bgvfgrnd57bcjr7_qtc70sw40000gn/T/"/>
    <property name="line.separator" value="
"/>
    <property name="java.vm.specification.vendor" value="Oracle Corporation"/>
    <property name="os.name" value="Mac OS X"/>
    <property name="maven.ext.class.path" value="/Applications/IntelliJ IDEA.app/Contents/plugins/maven/lib/maven-event-listener.jar"/>
    <property name="classworlds.conf" value="/Applications/IntelliJ IDEA.app/Contents/plugins/maven/lib/maven3/bin/m2.conf"/>
    <property name="sun.jnu.encoding" value="UTF-8"/>
    <property name="java.library.path" value="/Users/youndzofrancine/Library/Java/Extensions:/Library/Java/Extensions:/Network/Library/Java/Extensions:/System/Library/Java/Extensions:/usr/lib/java:."/>
    <property name="maven.conf" value="/Applications/IntelliJ IDEA.app/Contents/plugins/maven/lib/maven3/conf"/>
    <property name="java.specification.name" value="Java Platform API Specification"/>
    <property name="java.class.version" value="52.0"/>
    <property name="sun.management.compiler" value="HotSpot 64-Bit Tiered Compilers"/>
    <property name="os.version" value="10.14.6"/>
    <property name="http.nonProxyHosts" value="local|*.local|169.254/16|*.169.254/16"/>
    <property name="user.home" value="/Users/youndzofrancine"/>
    <property name="user.timezone" value="Europe/Zurich"/>
    <property name="java.awt.printerjob" value="sun.lwawt.macosx.CPrinterJob"/>
    <property name="java.specification.version" value="1.8"/>
    <property name="file.encoding" value="UTF-8"/>
    <property name="user.name" value="youndzofrancine"/>
    <property name="java.class.path" value="/Applications/IntelliJ IDEA.app/Contents/plugins/maven/lib/maven3/boot/plexus-classworlds-2.6.0.jar:/Applications/IntelliJ IDEA.app/Contents/lib/idea_rt.jar"/>
    <property name="idea.version2019.2.2" value="true"/>
    <property name="java.vm.specification.version" value="1.8"/>
    <property name="sun.arch.data.model" value="64"/>
    <property name="java.home" value="/Library/Java/JavaVirtualMachines/jdk1.8.0_144.jdk/Contents/Home/jre"/>
    <property name="sun.java.command" value="org.codehaus.classworlds.Launcher -Didea.version2019.2.2 install"/>
    <property name="java.specification.vendor" value="Oracle Corporation"/>
    <property name="user.language" value="fr"/>
    <property name="awt.toolkit" value="sun.lwawt.macosx.LWCToolkit"/>
    <property name="java.vm.info" value="mixed mode"/>
    <property name="java.version" value="1.8.0_144"/>
    <property name="java.ext.dirs" value="/Users/youndzofrancine/Library/Java/Extensions:/Library/Java/JavaVirtualMachines/jdk1.8.0_144.jdk/Contents/Home/jre/lib/ext:/Library/Java/Extensions:/Network/Library/Java/Extensions:/System/Library/Java/Extensions:/usr/lib/java"/>
    <property name="sun.boot.class.path" value="/Library/Java/JavaVirtualMachines/jdk1.8.0_144.jdk/Contents/Home/jre/lib/resources.jar:/Library/Java/JavaVirtualMachines/jdk1.8.0_144.jdk/Contents/Home/jre/lib/rt.jar:/Library/Java/JavaVirtualMachines/jdk1.8.0_144.jdk/Contents/Home/jre/lib/sunrsasign.jar:/Library/Java/JavaVirtualMachines/jdk1.8.0_144.jdk/Contents/Home/jre/lib/jsse.jar:/Library/Java/JavaVirtualMachines/jdk1.8.0_144.jdk/Contents/Home/jre/lib/jce.jar:/Library/Java/JavaVirtualMachines/jdk1.8.0_144.jdk/Contents/Home/jre/lib/charsets.jar:/Library/Java/JavaVirtualMachines/jdk1.8.0_144.jdk/Contents/Home/jre/lib/jfr.jar:/Library/Java/JavaVirtualMachines/jdk1.8.0_144.jdk/Contents/Home/jre/classes"/>
    <property name="java.vendor" value="Oracle Corporation"/>
    <property name="maven.home" value="/Applications/IntelliJ IDEA.app/Contents/plugins/maven/lib/maven3"/>
    <property name="file.separator" value="/"/>
    <property name="java.vendor.url.bug" value="http://bugreport.sun.com/bugreport/"/>
    <property name="sun.cpu.endian" value="little"/>
    <property name="sun.io.unicode.encoding" value="UnicodeBig"/>
    <property name="socksNonProxyHosts" value="local|*.local|169.254/16|*.169.254/16"/>
    <property name="ftp.nonProxyHosts" value="local|*.local|169.254/16|*.169.254/16"/>
    <property name="sun.cpu.isalist" value=""/>
  </properties>
  <testcase classname="Scenario: create a enrollment" name="Given I have a enrollment payload" time="0.004"/>
  <testcase classname="Scenario: create a enrollment" name="When I POST it to the /enrollments endpoint" time="0.001"/>
  <testcase classname="Scenario: create a enrollment" name="Then I receive a 201 status code" time="0.004">
    <failure message="expected:&lt;201&gt; but was:&lt;0&gt;" type="java.lang.AssertionError">java.lang.AssertionError: expected:&lt;201&gt; but was:&lt;0&gt;
	at org.junit.Assert.fail(Assert.java:88)
	at org.junit.Assert.failNotEquals(Assert.java:834)
	at org.junit.Assert.assertEquals(Assert.java:645)
	at org.junit.Assert.assertEquals(Assert.java:631)
	at ch.heigvd.amt.gestioncours.spec.steps.EnrollmentSteps.i_receive_a_status_code(EnrollmentSteps.java:62)
	at ✽.Then I receive a 201 status code(enrollment.feature:6)
</failure>
  </testcase>
  <testcase classname="Scenario: create a enrollment" name="Scenario: create a enrollment" time="0.005">
    <failure message="expected:&lt;201&gt; but was:&lt;0&gt;" type="java.lang.AssertionError">java.lang.AssertionError: expected:&lt;201&gt; but was:&lt;0&gt;
	at org.junit.Assert.fail(Assert.java:88)
	at org.junit.Assert.failNotEquals(Assert.java:834)
	at org.junit.Assert.assertEquals(Assert.java:645)
	at org.junit.Assert.assertEquals(Assert.java:631)
	at ch.heigvd.amt.gestioncours.spec.steps.EnrollmentSteps.i_receive_a_status_code(EnrollmentSteps.java:62)
	at ✽.Then I receive a 201 status code(enrollment.feature:6)
</failure>
  </testcase>
  <testcase classname="Scenario: Delete user" name="Given there exists a user" time="0.001"/>
  <testcase classname="Scenario: Delete user" name="When I delete the user" time="0"/>
  <testcase classname="Scenario: Delete user" name="Then I get a &apos;OK&apos; response" time="0"/>
  <testcase classname="Scenario: Delete user" name="Scenario: Delete user" time="0.001"/>
  <testcase classname="Scenario: create a subject" name="Given there is a Subjects server" time="0"/>
  <testcase classname="Scenario: create a subject" name="Given I have a subject payload" time="0"/>
  <testcase classname="Scenario: create a subject" name="When I POST it to the /subjects endpoint" time="0"/>
  <testcase classname="Scenario: create a subject" name="Then I receive a 201 status code" time="0.001">
    <failure message="expected:&lt;201&gt; but was:&lt;0&gt;" type="java.lang.AssertionError">java.lang.AssertionError: expected:&lt;201&gt; but was:&lt;0&gt;
	at org.junit.Assert.fail(Assert.java:88)
	at org.junit.Assert.failNotEquals(Assert.java:834)
	at org.junit.Assert.assertEquals(Assert.java:645)
	at org.junit.Assert.assertEquals(Assert.java:631)
	at ch.heigvd.amt.gestioncours.spec.steps.EnrollmentSteps.i_receive_a_status_code(EnrollmentSteps.java:62)
	at ✽.Then I receive a 201 status code(subject.feature:9)
</failure>
  </testcase>
  <testcase classname="Scenario: create a subject" name="Scenario: create a subject" time="0.001">
    <failure message="expected:&lt;201&gt; but was:&lt;0&gt;" type="java.lang.AssertionError">java.lang.AssertionError: expected:&lt;201&gt; but was:&lt;0&gt;
	at org.junit.Assert.fail(Assert.java:88)
	at org.junit.Assert.failNotEquals(Assert.java:834)
	at org.junit.Assert.assertEquals(Assert.java:645)
	at org.junit.Assert.assertEquals(Assert.java:631)
	at ch.heigvd.amt.gestioncours.spec.steps.EnrollmentSteps.i_receive_a_status_code(EnrollmentSteps.java:62)
	at ✽.Then I receive a 201 status code(subject.feature:9)
</failure>
  </testcase>
  <testcase classname="Scenario: Get subject" name="Given I Set GET subject service api endpoint" time="0.007">
    <skipped/>
    <system-out>
  Scenario: create a subject                 &amp;#27;[90m# subject.feature:6&amp;#27;[0m
    &amp;#27;[32mGiven &amp;#27;[0m&amp;#27;[32mI have a subject payload&amp;#27;[0m           &amp;#27;[90m# SubjectSteps.i_have_a_subject_payload()&amp;#27;[0m
    &amp;#27;[32mWhen &amp;#27;[0m&amp;#27;[32mI POST it to the /subjects endpoint&amp;#27;[0m &amp;#27;[90m# SubjectSteps.i_POST_it_to_the_subjects_endpoint()&amp;#27;[0m
    &amp;#27;[31mThen &amp;#27;[0m&amp;#27;[31mI receive a &amp;#27;[0m&amp;#27;[31m&amp;#27;[1m201&amp;#27;[0m&amp;#27;[31m status code&amp;#27;[0m         &amp;#27;[90m# EnrollmentSteps.i_receive_a_status_code(int)&amp;#27;[0m
      &amp;#27;[31mjava.lang.AssertionError: expected:&lt;201&gt; but was:&lt;0&gt;
      	at org.junit.Assert.fail(Assert.java:88)
      	at org.junit.Assert.failNotEquals(Assert.java:834)
      	at org.junit.Assert.assertEquals(Assert.java:645)
      	at org.junit.Assert.assertEquals(Assert.java:631)
      	at ch.heigvd.amt.gestioncours.spec.steps.EnrollmentSteps.i_receive_a_status_code(EnrollmentSteps.java:62)
      	at ✽.Then I receive a 201 status code(subject.feature:9)
      &amp;#27;[0m
Feature: Test CRUD methods in subject
</system-out>
  </testcase>
  <testcase classname="Scenario: Get subject" name="When I Set request HEADER" time="0.008">
    <skipped/>
  </testcase>
  <testcase classname="Scenario: Get subject" name="And Send GET HTTP request" time="0.009">
    <skipped/>
  </testcase>
  <testcase classname="Scenario: Get subject" name="Then I receive  200 status code" time="0.01">
    <skipped/>
  </testcase>
  <testcase classname="Scenario: Get subject" name="Scenario: Get subject" time="0.01">
    <skipped/>
  </testcase>
  <testcase classname="Scenario: Get subject" name="Scenario: Get subject" time="0.01"/>
</testsuite>